05-May-2026 22:23:13.663 INFORMACIÓN [main] org.apache.catalina.startup.VersionLoggerListener.log Nombre de la versión del servidor: Apache Tomcat/9.0.115
05-May-2026 22:23:13.676 INFORMACIÓN [main] org.apache.catalina.startup.VersionLoggerListener.log Server built:                      Jan 21 2026 08:17:26 UTC
05-May-2026 22:23:13.679 INFORMACIÓN [main] org.apache.catalina.startup.VersionLoggerListener.log Número de versión de servidor:     9.0.115.0
05-May-2026 22:23:13.679 INFORMACIÓN [main] org.apache.catalina.startup.VersionLoggerListener.log OS Name:                           Windows 11
05-May-2026 22:23:13.679 INFORMACIÓN [main] org.apache.catalina.startup.VersionLoggerListener.log Versión de Systema Operativo:      10.0
05-May-2026 22:23:13.679 INFORMACIÓN [main] org.apache.catalina.startup.VersionLoggerListener.log Arquitectura:                      amd64
05-May-2026 22:23:13.682 INFORMACIÓN [main] org.apache.catalina.startup.VersionLoggerListener.log Java Home:                         C:\Users\sofsh\.jdks\ms-17.0.18
05-May-2026 22:23:13.682 INFORMACIÓN [main] org.apache.catalina.startup.VersionLoggerListener.log JVM Version:                       17.0.18+8-LTS
05-May-2026 22:23:13.684 INFORMACIÓN [main] org.apache.catalina.startup.VersionLoggerListener.log Vededor JVM:                       Microsoft
05-May-2026 22:23:13.684 INFORMACIÓN [main] org.apache.catalina.startup.VersionLoggerListener.log CATALINA_BASE:                     C:\Users\sofsh\Desktop\Gestiondetareas\SistemaGestionTareas\apache-tomcat-9.0.115
05-May-2026 22:23:13.686 INFORMACIÓN [main] org.apache.catalina.startup.VersionLoggerListener.log CATALINA_HOME:                     C:\Users\sofsh\Desktop\Gestiondetareas\SistemaGestionTareas\apache-tomcat-9.0.115
05-May-2026 22:23:13.717 INFORMACIÓN [main] org.apache.catalina.startup.VersionLoggerListener.log Command line argument:             --add-opens=java.base/java.lang=ALL-UNNAMED
05-May-2026 22:23:13.720 INFORMACIÓN [main] org.apache.catalina.startup.VersionLoggerListener.log Command line argument:             --add-opens=java.base/java.lang.invoke=ALL-UNNAMED
05-May-2026 22:23:13.720 INFORMACIÓN [main] org.apache.catalina.startup.VersionLoggerListener.log Command line argument:             --add-opens=java.base/java.lang.reflect=ALL-UNNAMED
05-May-2026 22:23:13.724 INFORMACIÓN [main] org.apache.catalina.startup.VersionLoggerListener.log Command line argument:             --add-opens=java.base/java.io=ALL-UNNAMED
05-May-2026 22:23:13.725 INFORMACIÓN [main] org.apache.catalina.startup.VersionLoggerListener.log Command line argument:             --add-opens=java.base/java.util=ALL-UNNAMED
05-May-2026 22:23:13.726 INFORMACIÓN [main] org.apache.catalina.startup.VersionLoggerListener.log Command line argument:             --add-opens=java.base/java.util.concurrent=ALL-UNNAMED
05-May-2026 22:23:13.726 INFORMACIÓN [main] org.apache.catalina.startup.VersionLoggerListener.log Command line argument:             --add-opens=java.rmi/sun.rmi.transport=ALL-UNNAMED
05-May-2026 22:23:13.729 INFORMACIÓN [main] org.apache.catalina.startup.VersionLoggerListener.log Command line argument:             -Djava.util.logging.config.file=C:\Users\sofsh\Desktop\Gestiondetareas\SistemaGestionTareas\apache-tomcat-9.0.115\conf\logging.properties
05-May-2026 22:23:13.729 INFORMACIÓN [main] org.apache.catalina.startup.VersionLoggerListener.log Command line argument:             -Djava.util.logging.manager=org.apache.juli.ClassLoaderLogManager
05-May-2026 22:23:13.730 INFORMACIÓN [main] org.apache.catalina.startup.VersionLoggerListener.log Command line argument:             -Djdk.tls.ephemeralDHKeySize=2048
05-May-2026 22:23:13.730 INFORMACIÓN [main] org.apache.catalina.startup.VersionLoggerListener.log Command line argument:             -Djava.protocol.handler.pkgs=org.apache.catalina.webresources
05-May-2026 22:23:13.730 INFORMACIÓN [main] org.apache.catalina.startup.VersionLoggerListener.log Command line argument:             -Dsun.io.useCanonCaches=false
05-May-2026 22:23:13.732 INFORMACIÓN [main] org.apache.catalina.startup.VersionLoggerListener.log Command line argument:             -Dignore.endorsed.dirs=
05-May-2026 22:23:13.732 INFORMACIÓN [main] org.apache.catalina.startup.VersionLoggerListener.log Command line argument:             -Dcatalina.base=C:\Users\sofsh\Desktop\Gestiondetareas\SistemaGestionTareas\apache-tomcat-9.0.115
05-May-2026 22:23:13.732 INFORMACIÓN [main] org.apache.catalina.startup.VersionLoggerListener.log Command line argument:             -Dcatalina.home=C:\Users\sofsh\Desktop\Gestiondetareas\SistemaGestionTareas\apache-tomcat-9.0.115
05-May-2026 22:23:13.732 INFORMACIÓN [main] org.apache.catalina.startup.VersionLoggerListener.log Command line argument:             -Djava.io.tmpdir=C:\Users\sofsh\Desktop\Gestiondetareas\SistemaGestionTareas\apache-tomcat-9.0.115\temp
05-May-2026 22:23:14.064 INFORMACIÓN [main] org.apache.catalina.core.AprLifecycleListener.lifecycleEvent Cargada la biblioteca nativa APR de Apache Tomcat [1.3.5] con la versión APR [1.7.6].
05-May-2026 22:23:14.064 INFORMACIÓN [main] org.apache.catalina.core.AprLifecycleListener.lifecycleEvent Capacidades APR: IPv6 [true], enviar fichero [true], aceptar filtros [false], aleatorio [true], UDS [true].
05-May-2026 22:23:14.067 INFORMACIÓN [main] org.apache.catalina.core.AprLifecycleListener.lifecycleEvent APR/OpenSSL configuration: useAprConnector [false], useOpenSSL [true]
05-May-2026 22:23:14.084 INFORMACIÓN [main] org.apache.catalina.core.AprLifecycleListener.initializeSSL OpenSSL inicializado correctamente [OpenSSL 3.0.18 30 Sep 2025]
05-May-2026 22:23:14.703 INFORMACIÓN [main] org.apache.coyote.AbstractProtocol.init Inicializando el manejador de protocolo ["http-nio-8080"]

05-May-2026 22:23:14.766 INFORMACIÓN [main] org.apache.catalina.startup.Catalina.load Server initialization in [1644] milliseconds
05-May-2026 22:23:14.899 INFORMACIÓN [main] org.apache.catalina.core.StandardService.startInternal Arrancando servicio [Catalina]
05-May-2026 22:23:14.900 INFORMACIÓN [main] org.apache.catalina.core.StandardEngine.startInternal Starting Servlet engine: [Apache Tomcat/9.0.115]
05-May-2026 22:23:14.960 INFORMACIÓN [main] org.apache.catalina.startup.HostConfig.deployWAR Despliegue del archivo [C:\Users\sofsh\Desktop\Gestiondetareas\SistemaGestionTareas\apache-tomcat-9.0.115\webapps\ROOT.war] de la aplicación web
05-May-2026 22:23:15.720 INFORMACIÓN [main] org.apache.catalina.startup.HostConfig.deployWAR Deployment of web application archive [C:\Users\sofsh\Desktop\Gestiondetareas\SistemaGestionTareas\apache-tomcat-9.0.115\webapps\ROOT.war] has finished in [750] ms
05-May-2026 22:23:15.758 INFORMACIÓN [main] org.apache.catalina.startup.HostConfig.deployWAR Despliegue del archivo [C:\Users\sofsh\Desktop\Gestiondetareas\SistemaGestionTareas\apache-tomcat-9.0.115\webapps\SistemaGestionTareas.war] de la aplicación web
05-May-2026 22:23:21.338 INFORMACIÓN [main] org.apache.jasper.servlet.TldScanner.scanJars Al menos un JAR, que se ha explorado buscando TLDs, aún no contenía TLDs. Activar historial de depuración para este historiador para una completa lista de los JARs que fueron explorados y de los que nos se halló TLDs. Saltarse JARs no necesarios durante la exploración puede dar lugar a una mejora de tiempo significativa en el arranque y compilación de JSP .
05-May-2026 22:23:21.418 INFORMACIÓN [main] org.apache.catalina.startup.HostConfig.deployWAR Deployment of web application archive [C:\Users\sofsh\Desktop\Gestiondetareas\SistemaGestionTareas\apache-tomcat-9.0.115\webapps\SistemaGestionTareas.war] has finished in [5.660] ms
05-May-2026 22:23:21.418 INFORMACIÓN [main] org.apache.catalina.startup.HostConfig.deployDirectory Desplegando el directorio [C:\Users\sofsh\Desktop\Gestiondetareas\SistemaGestionTareas\apache-tomcat-9.0.115\webapps\docs] de la aplicación web
05-May-2026 22:23:21.528 INFORMACIÓN [main] org.apache.catalina.startup.HostConfig.deployDirectory Deployment of web application directory [C:\Users\sofsh\Desktop\Gestiondetareas\SistemaGestionTareas\apache-tomcat-9.0.115\webapps\docs] has finished in [110] ms
05-May-2026 22:23:21.529 INFORMACIÓN [main] org.apache.catalina.startup.HostConfig.deployDirectory Desplegando el directorio [C:\Users\sofsh\Desktop\Gestiondetareas\SistemaGestionTareas\apache-tomcat-9.0.115\webapps\examples] de la aplicación web
05-May-2026 22:23:24.183 INFORMACIÓN [main] org.apache.catalina.startup.HostConfig.deployDirectory Deployment of web application directory [C:\Users\sofsh\Desktop\Gestiondetareas\SistemaGestionTareas\apache-tomcat-9.0.115\webapps\examples] has finished in [2.654] ms
05-May-2026 22:23:24.191 INFORMACIÓN [main] org.apache.catalina.startup.HostConfig.deployDirectory Desplegando el directorio [C:\Users\sofsh\Desktop\Gestiondetareas\SistemaGestionTareas\apache-tomcat-9.0.115\webapps\host-manager] de la aplicación web
05-May-2026 22:23:24.309 INFORMACIÓN [main] org.apache.catalina.startup.HostConfig.deployDirectory Deployment of web application directory [C:\Users\sofsh\Desktop\Gestiondetareas\SistemaGestionTareas\apache-tomcat-9.0.115\webapps\host-manager] has finished in [118] ms
05-May-2026 22:23:24.309 INFORMACIÓN [main] org.apache.catalina.startup.HostConfig.deployDirectory Desplegando el directorio [C:\Users\sofsh\Desktop\Gestiondetareas\SistemaGestionTareas\apache-tomcat-9.0.115\webapps\manager] de la aplicación web
05-May-2026 22:23:24.417 INFORMACIÓN [main] org.apache.catalina.startup.HostConfig.deployDirectory Deployment of web application directory [C:\Users\sofsh\Desktop\Gestiondetareas\SistemaGestionTareas\apache-tomcat-9.0.115\webapps\manager] has finished in [108] ms
05-May-2026 22:23:24.432 INFORMACIÓN [main] org.apache.coyote.AbstractProtocol.start Starting ProtocolHandler ["http-nio-8080"]
05-May-2026 22:23:24.513 INFORMACIÓN [main] org.apache.catalina.startup.Catalina.start Server startup in [9736] milliseconds
05-May-2026 22:27:22.992 INFORMACIÓN [main] org.apache.catalina.startup.VersionLoggerListener.log Nombre de la versión del servidor: Apache Tomcat/9.0.115
05-May-2026 22:27:23.006 INFORMACIÓN [main] org.apache.catalina.startup.VersionLoggerListener.log Server built:                      Jan 21 2026 08:17:26 UTC
05-May-2026 22:27:23.008 INFORMACIÓN [main] org.apache.catalina.startup.VersionLoggerListener.log Número de versión de servidor:     9.0.115.0
05-May-2026 22:27:23.008 INFORMACIÓN [main] org.apache.catalina.startup.VersionLoggerListener.log OS Name:                           Windows 11
05-May-2026 22:27:23.009 INFORMACIÓN [main] org.apache.catalina.startup.VersionLoggerListener.log Versión de Systema Operativo:      10.0
05-May-2026 22:27:23.009 INFORMACIÓN [main] org.apache.catalina.startup.VersionLoggerListener.log Arquitectura:                      amd64
05-May-2026 22:27:23.009 INFORMACIÓN [main] org.apache.catalina.startup.VersionLoggerListener.log Java Home:                         C:\Users\sofsh\.jdks\ms-17.0.18
05-May-2026 22:27:23.009 INFORMACIÓN [main] org.apache.catalina.startup.VersionLoggerListener.log JVM Version:                       17.0.18+8-LTS
05-May-2026 22:27:23.009 INFORMACIÓN [main] org.apache.catalina.startup.VersionLoggerListener.log Vededor JVM:                       Microsoft
05-May-2026 22:27:23.009 INFORMACIÓN [main] org.apache.catalina.startup.VersionLoggerListener.log CATALINA_BASE:                     C:\Users\sofsh\Desktop\Gestiondetareas\SistemaGestionTareas\apache-tomcat-9.0.115
05-May-2026 22:27:23.011 INFORMACIÓN [main] org.apache.catalina.startup.VersionLoggerListener.log CATALINA_HOME:                     C:\Users\sofsh\Desktop\Gestiondetareas\SistemaGestionTareas\apache-tomcat-9.0.115
05-May-2026 22:27:23.043 INFORMACIÓN [main] org.apache.catalina.startup.VersionLoggerListener.log Command line argument:             --add-opens=java.base/java.lang=ALL-UNNAMED
05-May-2026 22:27:23.043 INFORMACIÓN [main] org.apache.catalina.startup.VersionLoggerListener.log Command line argument:             --add-opens=java.base/java.lang.invoke=ALL-UNNAMED
05-May-2026 22:27:23.043 INFORMACIÓN [main] org.apache.catalina.startup.VersionLoggerListener.log Command line argument:             --add-opens=java.base/java.lang.reflect=ALL-UNNAMED
05-May-2026 22:27:23.043 INFORMACIÓN [main] org.apache.catalina.startup.VersionLoggerListener.log Command line argument:             --add-opens=java.base/java.io=ALL-UNNAMED
05-May-2026 22:27:23.047 INFORMACIÓN [main] org.apache.catalina.startup.VersionLoggerListener.log Command line argument:             --add-opens=java.base/java.util=ALL-UNNAMED
05-May-2026 22:27:23.047 INFORMACIÓN [main] org.apache.catalina.startup.VersionLoggerListener.log Command line argument:             --add-opens=java.base/java.util.concurrent=ALL-UNNAMED
05-May-2026 22:27:23.047 INFORMACIÓN [main] org.apache.catalina.startup.VersionLoggerListener.log Command line argument:             --add-opens=java.rmi/sun.rmi.transport=ALL-UNNAMED
05-May-2026 22:27:23.047 INFORMACIÓN [main] org.apache.catalina.startup.VersionLoggerListener.log Command line argument:             -Djava.util.logging.config.file=C:\Users\sofsh\Desktop\Gestiondetareas\SistemaGestionTareas\apache-tomcat-9.0.115\conf\logging.properties
05-May-2026 22:27:23.047 INFORMACIÓN [main] org.apache.catalina.startup.VersionLoggerListener.log Command line argument:             -Djava.util.logging.manager=org.apache.juli.ClassLoaderLogManager
05-May-2026 22:27:23.047 INFORMACIÓN [main] org.apache.catalina.startup.VersionLoggerListener.log Command line argument:             -Djdk.tls.ephemeralDHKeySize=2048
05-May-2026 22:27:23.047 INFORMACIÓN [main] org.apache.catalina.startup.VersionLoggerListener.log Command line argument:             -Djava.protocol.handler.pkgs=org.apache.catalina.webresources
05-May-2026 22:27:23.047 INFORMACIÓN [main] org.apache.catalina.startup.VersionLoggerListener.log Command line argument:             -Dsun.io.useCanonCaches=false
05-May-2026 22:27:23.047 INFORMACIÓN [main] org.apache.catalina.startup.VersionLoggerListener.log Command line argument:             -Dignore.endorsed.dirs=
05-May-2026 22:27:23.047 INFORMACIÓN [main] org.apache.catalina.startup.VersionLoggerListener.log Command line argument:             -Dcatalina.base=C:\Users\sofsh\Desktop\Gestiondetareas\SistemaGestionTareas\apache-tomcat-9.0.115
05-May-2026 22:27:23.047 INFORMACIÓN [main] org.apache.catalina.startup.VersionLoggerListener.log Command line argument:             -Dcatalina.home=C:\Users\sofsh\Desktop\Gestiondetareas\SistemaGestionTareas\apache-tomcat-9.0.115
05-May-2026 22:27:23.047 INFORMACIÓN [main] org.apache.catalina.startup.VersionLoggerListener.log Command line argument:             -Djava.io.tmpdir=C:\Users\sofsh\Desktop\Gestiondetareas\SistemaGestionTareas\apache-tomcat-9.0.115\temp
05-May-2026 22:27:23.074 INFORMACIÓN [main] org.apache.catalina.core.AprLifecycleListener.lifecycleEvent Cargada la biblioteca nativa APR de Apache Tomcat [1.3.5] con la versión APR [1.7.6].
05-May-2026 22:27:23.074 INFORMACIÓN [main] org.apache.catalina.core.AprLifecycleListener.lifecycleEvent Capacidades APR: IPv6 [true], enviar fichero [true], aceptar filtros [false], aleatorio [true], UDS [true].
05-May-2026 22:27:23.076 INFORMACIÓN [main] org.apache.catalina.core.AprLifecycleListener.lifecycleEvent APR/OpenSSL configuration: useAprConnector [false], useOpenSSL [true]
05-May-2026 22:27:23.091 INFORMACIÓN [main] org.apache.catalina.core.AprLifecycleListener.initializeSSL OpenSSL inicializado correctamente [OpenSSL 3.0.18 30 Sep 2025]
05-May-2026 22:27:23.563 INFORMACIÓN [main] org.apache.coyote.AbstractProtocol.init Inicializando el manejador de protocolo ["http-nio-8080"]

05-May-2026 22:27:23.608 GRAVE [main] org.apache.catalina.util.LifecycleBase.handleSubClassException Fallo al iniciar el componente [Connector["http-nio-8080"]]
	org.apache.catalina.LifecycleException: Falló la inicialización del manejador de protocolo
		at org.apache.catalina.connector.Connector.initInternal(Connector.java:1084)
		at org.apache.catalina.util.LifecycleBase.init(LifecycleBase.java:122)
		at org.apache.catalina.core.StandardService.initInternal(StandardService.java:520)
		at org.apache.catalina.util.LifecycleBase.init(LifecycleBase.java:122)
		at org.apache.catalina.core.StandardServer.initInternal(StandardServer.java:984)
		at org.apache.catalina.util.LifecycleBase.init(LifecycleBase.java:122)
		at org.apache.catalina.startup.Catalina.load(Catalina.java:687)
		at org.apache.catalina.startup.Catalina.load(Catalina.java:710)
		at java.base/jdk.internal.reflect.NativeMethodAccessorImpl.invoke0(Native Method)
		at java.base/jdk.internal.reflect.NativeMethodAccessorImpl.invoke(NativeMethodAccessorImpl.java:77)
		at java.base/jdk.internal.reflect.DelegatingMethodAccessorImpl.invoke(DelegatingMethodAccessorImpl.java:43)
		at java.base/java.lang.reflect.Method.invoke(Method.java:569)
		at org.apache.catalina.startup.Bootstrap.load(Bootstrap.java:299)
		at org.apache.catalina.startup.Bootstrap.main(Bootstrap.java:472)
	Caused by: java.net.BindException: Address already in use: bind
		at java.base/sun.nio.ch.Net.bind0(Native Method)
		at java.base/sun.nio.ch.Net.bind(Net.java:567)
		at java.base/sun.nio.ch.ServerSocketChannelImpl.netBind(ServerSocketChannelImpl.java:337)
		at java.base/sun.nio.ch.ServerSocketChannelImpl.bind(ServerSocketChannelImpl.java:294)
		at org.apache.tomcat.util.net.NioEndpoint.initServerSocket(NioEndpoint.java:296)
		at org.apache.tomcat.util.net.NioEndpoint.bind(NioEndpoint.java:251)
		at org.apache.tomcat.util.net.AbstractEndpoint.bindWithCleanup(AbstractEndpoint.java:1497)
		at org.apache.tomcat.util.net.AbstractEndpoint.init(AbstractEndpoint.java:1510)
		at org.apache.coyote.AbstractProtocol.init(AbstractProtocol.java:667)
		at org.apache.coyote.http11.AbstractHttp11Protocol.init(AbstractHttp11Protocol.java:80)
		at org.apache.catalina.connector.Connector.initInternal(Connector.java:1082)
		... 13 more
05-May-2026 22:27:23.628 INFORMACIÓN [main] org.apache.catalina.startup.Catalina.load Server initialization in [1050] milliseconds
05-May-2026 22:27:23.736 INFORMACIÓN [main] org.apache.catalina.core.StandardService.startInternal Arrancando servicio [Catalina]
05-May-2026 22:27:23.736 INFORMACIÓN [main] org.apache.catalina.core.StandardEngine.startInternal Starting Servlet engine: [Apache Tomcat/9.0.115]
05-May-2026 22:27:23.767 INFORMACIÓN [main] org.apache.catalina.startup.HostConfig.deployWAR Despliegue del archivo [C:\Users\sofsh\Desktop\Gestiondetareas\SistemaGestionTareas\apache-tomcat-9.0.115\webapps\ROOT.war] de la aplicación web
05-May-2026 22:27:24.347 INFORMACIÓN [main] org.apache.catalina.startup.HostConfig.deployWAR Deployment of web application archive [C:\Users\sofsh\Desktop\Gestiondetareas\SistemaGestionTareas\apache-tomcat-9.0.115\webapps\ROOT.war] has finished in [579] ms
05-May-2026 22:27:24.347 INFORMACIÓN [main] org.apache.catalina.startup.HostConfig.deployWAR Despliegue del archivo [C:\Users\sofsh\Desktop\Gestiondetareas\SistemaGestionTareas\apache-tomcat-9.0.115\webapps\SistemaGestionTareas.war] de la aplicación web
05-May-2026 22:27:28.499 INFORMACIÓN [main] org.apache.jasper.servlet.TldScanner.scanJars Al menos un JAR, que se ha explorado buscando TLDs, aún no contenía TLDs. Activar historial de depuración para este historiador para una completa lista de los JARs que fueron explorados y de los que nos se halló TLDs. Saltarse JARs no necesarios durante la exploración puede dar lugar a una mejora de tiempo significativa en el arranque y compilación de JSP .
05-May-2026 22:27:28.596 INFORMACIÓN [main] org.apache.catalina.startup.HostConfig.deployWAR Deployment of web application archive [C:\Users\sofsh\Desktop\Gestiondetareas\SistemaGestionTareas\apache-tomcat-9.0.115\webapps\SistemaGestionTareas.war] has finished in [4.248] ms
05-May-2026 22:27:28.598 INFORMACIÓN [main] org.apache.catalina.startup.HostConfig.deployDirectory Desplegando el directorio [C:\Users\sofsh\Desktop\Gestiondetareas\SistemaGestionTareas\apache-tomcat-9.0.115\webapps\docs] de la aplicación web
05-May-2026 22:27:28.685 INFORMACIÓN [main] org.apache.catalina.startup.HostConfig.deployDirectory Deployment of web application directory [C:\Users\sofsh\Desktop\Gestiondetareas\SistemaGestionTareas\apache-tomcat-9.0.115\webapps\docs] has finished in [87] ms
05-May-2026 22:27:28.685 INFORMACIÓN [main] org.apache.catalina.startup.HostConfig.deployDirectory Desplegando el directorio [C:\Users\sofsh\Desktop\Gestiondetareas\SistemaGestionTareas\apache-tomcat-9.0.115\webapps\examples] de la aplicación web
05-May-2026 22:27:29.703 INFORMACIÓN [main] org.apache.catalina.startup.HostConfig.deployDirectory Deployment of web application directory [C:\Users\sofsh\Desktop\Gestiondetareas\SistemaGestionTareas\apache-tomcat-9.0.115\webapps\examples] has finished in [1.018] ms
05-May-2026 22:27:29.703 INFORMACIÓN [main] org.apache.catalina.startup.HostConfig.deployDirectory Desplegando el directorio [C:\Users\sofsh\Desktop\Gestiondetareas\SistemaGestionTareas\apache-tomcat-9.0.115\webapps\host-manager] de la aplicación web
05-May-2026 22:27:29.797 INFORMACIÓN [main] org.apache.catalina.startup.HostConfig.deployDirectory Deployment of web application directory [C:\Users\sofsh\Desktop\Gestiondetareas\SistemaGestionTareas\apache-tomcat-9.0.115\webapps\host-manager] has finished in [94] ms
05-May-2026 22:27:29.797 INFORMACIÓN [main] org.apache.catalina.startup.HostConfig.deployDirectory Desplegando el directorio [C:\Users\sofsh\Desktop\Gestiondetareas\SistemaGestionTareas\apache-tomcat-9.0.115\webapps\manager] de la aplicación web
05-May-2026 22:27:29.891 INFORMACIÓN [main] org.apache.catalina.startup.HostConfig.deployDirectory Deployment of web application directory [C:\Users\sofsh\Desktop\Gestiondetareas\SistemaGestionTareas\apache-tomcat-9.0.115\webapps\manager] has finished in [94] ms
05-May-2026 22:27:29.907 INFORMACIÓN [main] org.apache.catalina.startup.Catalina.start Server startup in [6268] milliseconds
05-May-2026 22:27:29.922 GRAVE [main] org.apache.catalina.core.StandardServer.await Failed to create server shutdown socket on address [localhost] and port [8005] (base port [8005] and offset [0])
	java.net.BindException: Address already in use: bind
		at java.base/sun.nio.ch.Net.bind0(Native Method)
		at java.base/sun.nio.ch.Net.bind(Net.java:567)
		at java.base/sun.nio.ch.Net.bind(Net.java:556)
		at java.base/sun.nio.ch.NioSocketImpl.bind(NioSocketImpl.java:648)
		at java.base/java.net.ServerSocket.bind(ServerSocket.java:388)
		at java.base/java.net.ServerSocket.<init>(ServerSocket.java:274)
		at org.apache.catalina.core.StandardServer.await(StandardServer.java:535)
		at org.apache.catalina.startup.Catalina.await(Catalina.java:826)
		at org.apache.catalina.startup.Catalina.start(Catalina.java:774)
		at java.base/jdk.internal.reflect.NativeMethodAccessorImpl.invoke0(Native Method)
		at java.base/jdk.internal.reflect.NativeMethodAccessorImpl.invoke(NativeMethodAccessorImpl.java:77)
		at java.base/jdk.internal.reflect.DelegatingMethodAccessorImpl.invoke(DelegatingMethodAccessorImpl.java:43)
		at java.base/java.lang.reflect.Method.invoke(Method.java:569)
		at org.apache.catalina.startup.Bootstrap.start(Bootstrap.java:342)
		at org.apache.catalina.startup.Bootstrap.main(Bootstrap.java:473)
05-May-2026 22:27:29.926 INFORMACIÓN [main] org.apache.coyote.AbstractProtocol.pause Pausing ProtocolHandler ["http-nio-8080"]
05-May-2026 22:27:29.926 INFORMACIÓN [main] org.apache.catalina.core.StandardService.stopInternal Parando servicio [Catalina]
05-May-2026 22:27:30.111 INFORMACIÓN [main] org.apache.coyote.AbstractProtocol.stop Stopping ProtocolHandler ["http-nio-8080"]
05-May-2026 22:27:30.117 INFORMACIÓN [main] org.apache.coyote.AbstractProtocol.destroy Destroying ProtocolHandler ["http-nio-8080"]
05-May-2026 22:32:12.149 INFORMACIÓN [main] org.apache.catalina.startup.VersionLoggerListener.log Nombre de la versión del servidor: Apache Tomcat/9.0.115
05-May-2026 22:32:12.159 INFORMACIÓN [main] org.apache.catalina.startup.VersionLoggerListener.log Server built:                      Jan 21 2026 08:17:26 UTC
05-May-2026 22:32:12.161 INFORMACIÓN [main] org.apache.catalina.startup.VersionLoggerListener.log Número de versión de servidor:     9.0.115.0
05-May-2026 22:32:12.161 INFORMACIÓN [main] org.apache.catalina.startup.VersionLoggerListener.log OS Name:                           Windows 11
05-May-2026 22:32:12.161 INFORMACIÓN [main] org.apache.catalina.startup.VersionLoggerListener.log Versión de Systema Operativo:      10.0
05-May-2026 22:32:12.161 INFORMACIÓN [main] org.apache.catalina.startup.VersionLoggerListener.log Arquitectura:                      amd64
05-May-2026 22:32:12.161 INFORMACIÓN [main] org.apache.catalina.startup.VersionLoggerListener.log Java Home:                         C:\Users\sofsh\.jdks\ms-17.0.18
05-May-2026 22:32:12.161 INFORMACIÓN [main] org.apache.catalina.startup.VersionLoggerListener.log JVM Version:                       17.0.18+8-LTS
05-May-2026 22:32:12.161 INFORMACIÓN [main] org.apache.catalina.startup.VersionLoggerListener.log Vededor JVM:                       Microsoft
05-May-2026 22:32:12.167 INFORMACIÓN [main] org.apache.catalina.startup.VersionLoggerListener.log CATALINA_BASE:                     C:\Users\sofsh\Desktop\Gestiondetareas\SistemaGestionTareas\apache-tomcat-9.0.115
05-May-2026 22:32:12.167 INFORMACIÓN [main] org.apache.catalina.startup.VersionLoggerListener.log CATALINA_HOME:                     C:\Users\sofsh\Desktop\Gestiondetareas\SistemaGestionTareas\apache-tomcat-9.0.115
05-May-2026 22:32:12.191 INFORMACIÓN [main] org.apache.catalina.startup.VersionLoggerListener.log Command line argument:             --add-opens=java.base/java.lang=ALL-UNNAMED
05-May-2026 22:32:12.192 INFORMACIÓN [main] org.apache.catalina.startup.VersionLoggerListener.log Command line argument:             --add-opens=java.base/java.lang.invoke=ALL-UNNAMED
05-May-2026 22:32:12.194 INFORMACIÓN [main] org.apache.catalina.startup.VersionLoggerListener.log Command line argument:             --add-opens=java.base/java.lang.reflect=ALL-UNNAMED
05-May-2026 22:32:12.194 INFORMACIÓN [main] org.apache.catalina.startup.VersionLoggerListener.log Command line argument:             --add-opens=java.base/java.io=ALL-UNNAMED
05-May-2026 22:32:12.196 INFORMACIÓN [main] org.apache.catalina.startup.VersionLoggerListener.log Command line argument:             --add-opens=java.base/java.util=ALL-UNNAMED
05-May-2026 22:32:12.196 INFORMACIÓN [main] org.apache.catalina.startup.VersionLoggerListener.log Command line argument:             --add-opens=java.base/java.util.concurrent=ALL-UNNAMED
05-May-2026 22:32:12.196 INFORMACIÓN [main] org.apache.catalina.startup.VersionLoggerListener.log Command line argument:             --add-opens=java.rmi/sun.rmi.transport=ALL-UNNAMED
05-May-2026 22:32:12.197 INFORMACIÓN [main] org.apache.catalina.startup.VersionLoggerListener.log Command line argument:             -Djava.util.logging.config.file=C:\Users\sofsh\Desktop\Gestiondetareas\SistemaGestionTareas\apache-tomcat-9.0.115\conf\logging.properties
05-May-2026 22:32:12.197 INFORMACIÓN [main] org.apache.catalina.startup.VersionLoggerListener.log Command line argument:             -Djava.util.logging.manager=org.apache.juli.ClassLoaderLogManager
05-May-2026 22:32:12.200 INFORMACIÓN [main] org.apache.catalina.startup.VersionLoggerListener.log Command line argument:             -Djdk.tls.ephemeralDHKeySize=2048
05-May-2026 22:32:12.200 INFORMACIÓN [main] org.apache.catalina.startup.VersionLoggerListener.log Command line argument:             -Djava.protocol.handler.pkgs=org.apache.catalina.webresources
05-May-2026 22:32:12.200 INFORMACIÓN [main] org.apache.catalina.startup.VersionLoggerListener.log Command line argument:             -Dsun.io.useCanonCaches=false
05-May-2026 22:32:12.200 INFORMACIÓN [main] org.apache.catalina.startup.VersionLoggerListener.log Command line argument:             -Dignore.endorsed.dirs=
05-May-2026 22:32:12.200 INFORMACIÓN [main] org.apache.catalina.startup.VersionLoggerListener.log Command line argument:             -Dcatalina.base=C:\Users\sofsh\Desktop\Gestiondetareas\SistemaGestionTareas\apache-tomcat-9.0.115
05-May-2026 22:32:12.200 INFORMACIÓN [main] org.apache.catalina.startup.VersionLoggerListener.log Command line argument:             -Dcatalina.home=C:\Users\sofsh\Desktop\Gestiondetareas\SistemaGestionTareas\apache-tomcat-9.0.115
05-May-2026 22:32:12.200 INFORMACIÓN [main] org.apache.catalina.startup.VersionLoggerListener.log Command line argument:             -Djava.io.tmpdir=C:\Users\sofsh\Desktop\Gestiondetareas\SistemaGestionTareas\apache-tomcat-9.0.115\temp
05-May-2026 22:32:12.210 INFORMACIÓN [main] org.apache.catalina.core.AprLifecycleListener.lifecycleEvent Cargada la biblioteca nativa APR de Apache Tomcat [1.3.5] con la versión APR [1.7.6].
05-May-2026 22:32:12.210 INFORMACIÓN [main] org.apache.catalina.core.AprLifecycleListener.lifecycleEvent Capacidades APR: IPv6 [true], enviar fichero [true], aceptar filtros [false], aleatorio [true], UDS [true].
05-May-2026 22:32:12.216 INFORMACIÓN [main] org.apache.catalina.core.AprLifecycleListener.lifecycleEvent APR/OpenSSL configuration: useAprConnector [false], useOpenSSL [true]
05-May-2026 22:32:12.223 INFORMACIÓN [main] org.apache.catalina.core.AprLifecycleListener.initializeSSL OpenSSL inicializado correctamente [OpenSSL 3.0.18 30 Sep 2025]
05-May-2026 22:32:12.671 INFORMACIÓN [main] org.apache.coyote.AbstractProtocol.init Inicializando el manejador de protocolo ["http-nio-8080"]

05-May-2026 22:32:12.718 GRAVE [main] org.apache.catalina.util.LifecycleBase.handleSubClassException Fallo al iniciar el componente [Connector["http-nio-8080"]]
	org.apache.catalina.LifecycleException: Falló la inicialización del manejador de protocolo
		at org.apache.catalina.connector.Connector.initInternal(Connector.java:1084)
		at org.apache.catalina.util.LifecycleBase.init(LifecycleBase.java:122)
		at org.apache.catalina.core.StandardService.initInternal(StandardService.java:520)
		at org.apache.catalina.util.LifecycleBase.init(LifecycleBase.java:122)
		at org.apache.catalina.core.StandardServer.initInternal(StandardServer.java:984)
		at org.apache.catalina.util.LifecycleBase.init(LifecycleBase.java:122)
		at org.apache.catalina.startup.Catalina.load(Catalina.java:687)
		at org.apache.catalina.startup.Catalina.load(Catalina.java:710)
		at java.base/jdk.internal.reflect.NativeMethodAccessorImpl.invoke0(Native Method)
		at java.base/jdk.internal.reflect.NativeMethodAccessorImpl.invoke(NativeMethodAccessorImpl.java:77)
		at java.base/jdk.internal.reflect.DelegatingMethodAccessorImpl.invoke(DelegatingMethodAccessorImpl.java:43)
		at java.base/java.lang.reflect.Method.invoke(Method.java:569)
		at org.apache.catalina.startup.Bootstrap.load(Bootstrap.java:299)
		at org.apache.catalina.startup.Bootstrap.main(Bootstrap.java:472)
	Caused by: java.net.BindException: Address already in use: bind
		at java.base/sun.nio.ch.Net.bind0(Native Method)
		at java.base/sun.nio.ch.Net.bind(Net.java:567)
		at java.base/sun.nio.ch.ServerSocketChannelImpl.netBind(ServerSocketChannelImpl.java:337)
		at java.base/sun.nio.ch.ServerSocketChannelImpl.bind(ServerSocketChannelImpl.java:294)
		at org.apache.tomcat.util.net.NioEndpoint.initServerSocket(NioEndpoint.java:296)
		at org.apache.tomcat.util.net.NioEndpoint.bind(NioEndpoint.java:251)
		at org.apache.tomcat.util.net.AbstractEndpoint.bindWithCleanup(AbstractEndpoint.java:1497)
		at org.apache.tomcat.util.net.AbstractEndpoint.init(AbstractEndpoint.java:1510)
		at org.apache.coyote.AbstractProtocol.init(AbstractProtocol.java:667)
		at org.apache.coyote.http11.AbstractHttp11Protocol.init(AbstractHttp11Protocol.java:80)
		at org.apache.catalina.connector.Connector.initInternal(Connector.java:1082)
		... 13 more
05-May-2026 22:32:12.721 INFORMACIÓN [main] org.apache.catalina.startup.Catalina.load Server initialization in [952] milliseconds
05-May-2026 22:32:12.833 INFORMACIÓN [main] org.apache.catalina.core.StandardService.startInternal Arrancando servicio [Catalina]
05-May-2026 22:32:12.835 INFORMACIÓN [main] org.apache.catalina.core.StandardEngine.startInternal Starting Servlet engine: [Apache Tomcat/9.0.115]
05-May-2026 22:32:12.867 INFORMACIÓN [main] org.apache.catalina.startup.HostConfig.deployWAR Despliegue del archivo [C:\Users\sofsh\Desktop\Gestiondetareas\SistemaGestionTareas\apache-tomcat-9.0.115\webapps\ROOT.war] de la aplicación web
05-May-2026 22:32:13.484 INFORMACIÓN [main] org.apache.catalina.startup.HostConfig.deployWAR Deployment of web application archive [C:\Users\sofsh\Desktop\Gestiondetareas\SistemaGestionTareas\apache-tomcat-9.0.115\webapps\ROOT.war] has finished in [615] ms
05-May-2026 22:32:13.490 INFORMACIÓN [main] org.apache.catalina.startup.HostConfig.deployWAR Despliegue del archivo [C:\Users\sofsh\Desktop\Gestiondetareas\SistemaGestionTareas\apache-tomcat-9.0.115\webapps\SistemaGestionTareas.war] de la aplicación web
05-May-2026 22:32:17.598 INFORMACIÓN [main] org.apache.jasper.servlet.TldScanner.scanJars Al menos un JAR, que se ha explorado buscando TLDs, aún no contenía TLDs. Activar historial de depuración para este historiador para una completa lista de los JARs que fueron explorados y de los que nos se halló TLDs. Saltarse JARs no necesarios durante la exploración puede dar lugar a una mejora de tiempo significativa en el arranque y compilación de JSP .
05-May-2026 22:32:17.698 INFORMACIÓN [main] org.apache.catalina.startup.HostConfig.deployWAR Deployment of web application archive [C:\Users\sofsh\Desktop\Gestiondetareas\SistemaGestionTareas\apache-tomcat-9.0.115\webapps\SistemaGestionTareas.war] has finished in [4.203] ms
05-May-2026 22:32:17.698 INFORMACIÓN [main] org.apache.catalina.startup.HostConfig.deployDirectory Desplegando el directorio [C:\Users\sofsh\Desktop\Gestiondetareas\SistemaGestionTareas\apache-tomcat-9.0.115\webapps\docs] de la aplicación web
05-May-2026 22:32:17.833 INFORMACIÓN [main] org.apache.catalina.startup.HostConfig.deployDirectory Deployment of web application directory [C:\Users\sofsh\Desktop\Gestiondetareas\SistemaGestionTareas\apache-tomcat-9.0.115\webapps\docs] has finished in [133] ms
05-May-2026 22:32:17.833 INFORMACIÓN [main] org.apache.catalina.startup.HostConfig.deployDirectory Desplegando el directorio [C:\Users\sofsh\Desktop\Gestiondetareas\SistemaGestionTareas\apache-tomcat-9.0.115\webapps\examples] de la aplicación web
05-May-2026 22:32:18.805 INFORMACIÓN [main] org.apache.catalina.startup.HostConfig.deployDirectory Deployment of web application directory [C:\Users\sofsh\Desktop\Gestiondetareas\SistemaGestionTareas\apache-tomcat-9.0.115\webapps\examples] has finished in [972] ms
05-May-2026 22:32:18.813 INFORMACIÓN [main] org.apache.catalina.startup.HostConfig.deployDirectory Desplegando el directorio [C:\Users\sofsh\Desktop\Gestiondetareas\SistemaGestionTareas\apache-tomcat-9.0.115\webapps\host-manager] de la aplicación web
05-May-2026 22:32:18.895 INFORMACIÓN [main] org.apache.catalina.startup.HostConfig.deployDirectory Deployment of web application directory [C:\Users\sofsh\Desktop\Gestiondetareas\SistemaGestionTareas\apache-tomcat-9.0.115\webapps\host-manager] has finished in [90] ms
05-May-2026 22:32:18.897 INFORMACIÓN [main] org.apache.catalina.startup.HostConfig.deployDirectory Desplegando el directorio [C:\Users\sofsh\Desktop\Gestiondetareas\SistemaGestionTareas\apache-tomcat-9.0.115\webapps\manager] de la aplicación web
05-May-2026 22:32:19.003 INFORMACIÓN [main] org.apache.catalina.startup.HostConfig.deployDirectory Deployment of web application directory [C:\Users\sofsh\Desktop\Gestiondetareas\SistemaGestionTareas\apache-tomcat-9.0.115\webapps\manager] has finished in [108] ms
05-May-2026 22:32:19.016 INFORMACIÓN [main] org.apache.catalina.startup.Catalina.start Server startup in [6292] milliseconds
05-May-2026 22:32:19.040 GRAVE [main] org.apache.catalina.core.StandardServer.await Failed to create server shutdown socket on address [localhost] and port [8005] (base port [8005] and offset [0])
	java.net.BindException: Address already in use: bind
		at java.base/sun.nio.ch.Net.bind0(Native Method)
		at java.base/sun.nio.ch.Net.bind(Net.java:567)
		at java.base/sun.nio.ch.Net.bind(Net.java:556)
		at java.base/sun.nio.ch.NioSocketImpl.bind(NioSocketImpl.java:648)
		at java.base/java.net.ServerSocket.bind(ServerSocket.java:388)
		at java.base/java.net.ServerSocket.<init>(ServerSocket.java:274)
		at org.apache.catalina.core.StandardServer.await(StandardServer.java:535)
		at org.apache.catalina.startup.Catalina.await(Catalina.java:826)
		at org.apache.catalina.startup.Catalina.start(Catalina.java:774)
		at java.base/jdk.internal.reflect.NativeMethodAccessorImpl.invoke0(Native Method)
		at java.base/jdk.internal.reflect.NativeMethodAccessorImpl.invoke(NativeMethodAccessorImpl.java:77)
		at java.base/jdk.internal.reflect.DelegatingMethodAccessorImpl.invoke(DelegatingMethodAccessorImpl.java:43)
		at java.base/java.lang.reflect.Method.invoke(Method.java:569)
		at org.apache.catalina.startup.Bootstrap.start(Bootstrap.java:342)
		at org.apache.catalina.startup.Bootstrap.main(Bootstrap.java:473)
05-May-2026 22:32:19.043 INFORMACIÓN [main] org.apache.coyote.AbstractProtocol.pause Pausing ProtocolHandler ["http-nio-8080"]
05-May-2026 22:32:19.045 INFORMACIÓN [main] org.apache.catalina.core.StandardService.stopInternal Parando servicio [Catalina]
05-May-2026 22:32:19.097 INFORMACIÓN [main] org.apache.coyote.AbstractProtocol.stop Stopping ProtocolHandler ["http-nio-8080"]
05-May-2026 22:32:19.103 INFORMACIÓN [main] org.apache.coyote.AbstractProtocol.destroy Destroying ProtocolHandler ["http-nio-8080"]
